<?xml version="1.0" encoding="UTF-8"?>
<!-- Generated by org.testng.reporters.JUnitXMLReporter -->
<testsuite ignored="0" hostname="TDLPHP90" failures="1" tests="5" name="Amazon Login Test" time="17.539" errors="0" timestamp="2023-07-23T22:04:23 IST">
  <testcase classname="org.tillster.chowking.stepdefinations.Stepdefination" name="configureDriverLogs" time="10.028"/>
  <testcase classname="org.tillster.chowking.stepdefinations.Stepdefination" name="disableBuildChecks" time="2.164"/>
  <testcase classname="org.tillster.chowking.stepdefinations.Stepdefination" name="extensionOptions" time="0.009">
    <failure type="java.lang.IllegalArgumentException" message="Extension must exist: C:\Users\shiva.n\eclipse-workspace\BDD Framework\Tillster-testcases\src\test\resources\advanced-reports\extentreports\extent.html">
      <![CDATA[java.lang.IllegalArgumentException: Extension must exist: C:\Users\shiva.n\eclipse-workspace\BDD Framework\Tillster-testcases\src\test\resources\advanced-reports\extentreports\extent.html
at org.openqa.selenium.internal.Require$FileChecker.isFile(Require.java:270)
at org.openqa.selenium.chromium.ChromiumOptions.lambda$addExtensions$2(ChromiumOptions.java:168)
at java.base/java.util.Arrays$ArrayList.forEach(Arrays.java:4204)
at org.openqa.selenium.chromium.ChromiumOptions.addExtensions(ChromiumOptions.java:168)
at org.openqa.selenium.chromium.ChromiumOptions.addExtensions(ChromiumOptions.java:157)
at org.tillster.chowking.stepdefinations.Stepdefination.extensionOptions(Stepdefination.java:216)
at java.base/java.util.ArrayList.forEach(ArrayList.java:1511)
... Removed 27 stack frames]]>
    </failure>
  </testcase> <!-- extensionOptions -->
  <testcase classname="org.tillster.chowking.stepdefinations.Stepdefination" name="logsToConsole" time="2.409"/>
  <testcase classname="org.tillster.chowking.stepdefinations.Stepdefination" name="logsWithLevel" time="2.794"/>
</testsuite> <!-- Amazon Login Test -->
