<?xml version="1.0" encoding="UTF-8"?>
<!-- Generated by org.testng.reporters.JUnitReportReporter -->
<testsuite hostname="TDLPHP90" failures="0" tests="1" name="org.tillster.chowking.runner.RunnerCucumber" time="223.864" errors="1" timestamp="2023-08-11T21:12:02 IST" skipped="0">
  <testcase classname="org.tillster.chowking.runner.RunnerCucumber" name="runScenario" time="223.864">
    <error message="no such element: Unable to locate element: {&quot;method&quot;:&quot;xpath&quot;,&quot;selector&quot;:&quot;//*[contains(@href, &#039;/cart&#039;)]&quot;}
  (Session info: chrome=115.0.5790.171)
For documentation on this error, please visit: https://www.selenium.dev/documentation/webdriver/troubleshooting/errors#no-such-element-exception
Build info: version: &#039;4.10.0&#039;, revision: &#039;c14d967899&#039;
System info: os.name: &#039;Windows 11&#039;, os.arch: &#039;amd64&#039;, os.version: &#039;10.0&#039;, java.version: &#039;17.0.7&#039;
Driver info: org.openqa.selenium.chrome.ChromeDriver
Command: [16f8fd25dfd978734b400d69916b09c8, findElement {using=xpath, value=//*[contains(@href, &#039;/cart&#039;)]}]
Capabilities {acceptInsecureCerts: false, browserName: chrome, browserVersion: 115.0.5790.171, chrome: {chromedriverVersion: 115.0.5790.170 (cc0d30c2ca5..., userDataDir: C:\Users\shiva.n\AppData\Lo...}, goog:chromeOptions: {debuggerAddress: localhost:59523}, networkConnectionEnabled: false, pageLoadStrategy: normal, platformName: windows, proxy: Proxy(), se:cdp: ws://localhost:59523/devtoo..., se:cdpVersion: 115.0.5790.171, setWindowRect: true, strictFileInteractability: false, timeouts: {implicit: 0, pageLoad: 300000, script: 30000}, unhandledPromptBehavior: dismiss and notify, webauthn:extension:credBlob: true, webauthn:extension:largeBlob: true, webauthn:extension:minPinLength: true, webauthn:extension:prf: true, webauthn:virtualAuthenticators: true}
Session ID: 16f8fd25dfd978734b400d69916b09c8" type="org.tillster.chowking.utils.CustomizedException">
      <![CDATA[org.tillster.chowking.utils.CustomizedException: no such element: Unable to locate element: {"method":"xpath","selector":"//*[contains(@href, '/cart')]"}
  (Session info: chrome=115.0.5790.171)
For documentation on this error, please visit: https://www.selenium.dev/documentation/webdriver/troubleshooting/errors#no-such-element-exception
Build info: version: '4.10.0', revision: 'c14d967899'
System info: os.name: 'Windows 11', os.arch: 'amd64', os.version: '10.0', java.version: '17.0.7'
Driver info: org.openqa.selenium.chrome.ChromeDriver
Command: [16f8fd25dfd978734b400d69916b09c8, findElement {using=xpath, value=//*[contains(@href, '/cart')]}]
Capabilities {acceptInsecureCerts: false, browserName: chrome, browserVersion: 115.0.5790.171, chrome: {chromedriverVersion: 115.0.5790.170 (cc0d30c2ca5..., userDataDir: C:\Users\shiva.n\AppData\Lo...}, goog:chromeOptions: {debuggerAddress: localhost:59523}, networkConnectionEnabled: false, pageLoadStrategy: normal, platformName: windows, proxy: Proxy(), se:cdp: ws://localhost:59523/devtoo..., se:cdpVersion: 115.0.5790.171, setWindowRect: true, strictFileInteractability: false, timeouts: {implicit: 0, pageLoad: 300000, script: 30000}, unhandledPromptBehavior: dismiss and notify, webauthn:extension:credBlob: true, webauthn:extension:largeBlob: true, webauthn:extension:minPinLength: true, webauthn:extension:prf: true, webauthn:virtualAuthenticators: true}
Session ID: 16f8fd25dfd978734b400d69916b09c8
at org.tillster.chowking.utils.Genericmethods.ScrollToElement(Genericmethods.java:1312)
at org.tillster.chowking.pages.Cartpage.checkOutPage(Cartpage.java:151)
at org.tillster.chowking.stepdefinations.Addtocartpage.user_select_any_item_from_the_list(Addtocartpage.java:74)
at âœ½.user select any item from the list(file:///C:/Users/shiva.n/eclipse-workspace/BDD%20Framework/Tillster-testcases/src/test/resources/org/tillster/chowking/features/Addingitemsincart.feature:12)
]]>
    </error>
  </testcase> <!-- runScenario -->
</testsuite> <!-- org.tillster.chowking.runner.RunnerCucumber -->
