<?xml version="1.0" encoding="UTF-8"?>
<!-- Generated by org.testng.reporters.JUnitReportReporter -->
<testsuite hostname="TDLPHP90" failures="0" tests="5" name="org.tillster.chowking.stepdefinations.Stepdefination" time="17.404" errors="1" timestamp="2023-07-23T22:04:24 IST" skipped="0">
  <testcase classname="org.tillster.chowking.stepdefinations.Stepdefination" name="logsToConsole" time="2.409"/>
  <testcase classname="org.tillster.chowking.stepdefinations.Stepdefination" name="disableBuildChecks" time="2.164"/>
  <testcase classname="org.tillster.chowking.stepdefinations.Stepdefination" name="extensionOptions" time="0.009">
    <error message="Extension must exist: C:\Users\shiva.n\eclipse-workspace\BDD Framework\Tillster-testcases\src\test\resources\advanced-reports\extentreports\extent.html" type="java.lang.IllegalArgumentException">
      <![CDATA[java.lang.IllegalArgumentException: Extension must exist: C:\Users\shiva.n\eclipse-workspace\BDD Framework\Tillster-testcases\src\test\resources\advanced-reports\extentreports\extent.html
at org.openqa.selenium.internal.Require$FileChecker.isFile(Require.java:270)
at org.openqa.selenium.chromium.ChromiumOptions.lambda$addExtensions$2(ChromiumOptions.java:168)
at java.base/java.util.Arrays$ArrayList.forEach(Arrays.java:4204)
at org.openqa.selenium.chromium.ChromiumOptions.addExtensions(ChromiumOptions.java:168)
at org.openqa.selenium.chromium.ChromiumOptions.addExtensions(ChromiumOptions.java:157)
at org.tillster.chowking.stepdefinations.Stepdefination.extensionOptions(Stepdefination.java:216)
at java.base/jdk.internal.reflect.NativeMethodAccessorImpl.invoke0(Native Method)
at java.base/jdk.internal.reflect.NativeMethodAccessorImpl.invoke(NativeMethodAccessorImpl.java:77)
at java.base/jdk.internal.reflect.DelegatingMethodAccessorImpl.invoke(DelegatingMethodAccessorImpl.java:43)
at java.base/java.lang.reflect.Method.invoke(Method.java:568)
at org.testng.internal.invokers.MethodInvocationHelper.invokeMethod(MethodInvocationHelper.java:139)
at org.testng.internal.invokers.TestInvoker.invokeMethod(TestInvoker.java:664)
at org.testng.internal.invokers.TestInvoker.invokeTestMethod(TestInvoker.java:227)
at org.testng.internal.invokers.MethodRunner.runInSequence(MethodRunner.java:50)
at org.testng.internal.invokers.TestInvoker$MethodInvocationAgent.invoke(TestInvoker.java:957)
at org.testng.internal.invokers.TestInvoker.invokeTestMethods(TestInvoker.java:200)
at org.testng.internal.invokers.TestMethodWorker.invokeTestMethods(TestMethodWorker.java:148)
at org.testng.internal.invokers.TestMethodWorker.run(TestMethodWorker.java:128)
at java.base/java.util.ArrayList.forEach(ArrayList.java:1511)
at org.testng.TestRunner.privateRun(TestRunner.java:848)
at org.testng.TestRunner.run(TestRunner.java:621)
at org.testng.SuiteRunner.runTest(SuiteRunner.java:443)
at org.testng.SuiteRunner.runSequentially(SuiteRunner.java:437)
at org.testng.SuiteRunner.privateRun(SuiteRunner.java:397)
at org.testng.SuiteRunner.run(SuiteRunner.java:336)
at org.testng.SuiteRunnerWorker.runSuite(SuiteRunnerWorker.java:52)
at org.testng.SuiteRunnerWorker.run(SuiteRunnerWorker.java:95)
at org.testng.TestNG.runSuitesSequentially(TestNG.java:1280)
at org.testng.TestNG.runSuitesLocally(TestNG.java:1200)
at org.testng.TestNG.runSuites(TestNG.java:1114)
at org.testng.TestNG.run(TestNG.java:1082)
at org.testng.remote.AbstractRemoteTestNG.run(AbstractRemoteTestNG.java:115)
at org.testng.remote.RemoteTestNG.initAndRun(RemoteTestNG.java:251)
at org.testng.remote.RemoteTestNG.main(RemoteTestNG.java:77)
]]>
    </error>
  </testcase> <!-- extensionOptions -->
  <testcase classname="org.tillster.chowking.stepdefinations.Stepdefination" name="logsWithLevel" time="2.794"/>
  <testcase classname="org.tillster.chowking.stepdefinations.Stepdefination" name="configureDriverLogs" time="10.028"/>
</testsuite> <!-- org.tillster.chowking.stepdefinations.Stepdefination -->
